/workspaces/backcase_erp/frappe/frappe-bench/env/lib/python3.12/site-packages/rq/utils.py:128: DeprecationWarning: datetime.datetime.utcnow() is deprecated and scheduled for removal in a future version. Use timezone-aware objects to represent datetimes in UTC: datetime.datetime.now(datetime.UTC).
  return datetime.datetime.utcnow()
/workspaces/backcase_erp/frappe/frappe-bench/env/lib/python3.12/site-packages/rq/utils.py:128: DeprecationWarning: datetime.datetime.utcnow() is deprecated and scheduled for removal in a future version. Use timezone-aware objects to represent datetimes in UTC: datetime.datetime.now(datetime.UTC).
  return datetime.datetime.utcnow()
/workspaces/backcase_erp/frappe/frappe-bench/env/lib/python3.12/site-packages/rq/utils.py:227: DeprecationWarning: datetime.datetime.utcnow() is deprecated and scheduled for removal in a future version. Use timezone-aware objects to represent datetimes in UTC: datetime.datetime.now(datetime.UTC).
  return calendar.timegm(datetime.datetime.utcnow().utctimetuple())
/workspaces/backcase_erp/frappe/frappe-bench/env/lib/python3.12/site-packages/rq/utils.py:227: DeprecationWarning: datetime.datetime.utcnow() is deprecated and scheduled for removal in a future version. Use timezone-aware objects to represent datetimes in UTC: datetime.datetime.now(datetime.UTC).
  return calendar.timegm(datetime.datetime.utcnow().utctimetuple())
/workspaces/backcase_erp/frappe/frappe-bench/env/lib/python3.12/site-packages/rq/utils.py:227: DeprecationWarning: datetime.datetime.utcnow() is deprecated and scheduled for removal in a future version. Use timezone-aware objects to represent datetimes in UTC: datetime.datetime.now(datetime.UTC).
  return calendar.timegm(datetime.datetime.utcnow().utctimetuple())
/workspaces/backcase_erp/frappe/frappe-bench/env/lib/python3.12/site-packages/rq/utils.py:227: DeprecationWarning: datetime.datetime.utcnow() is deprecated and scheduled for removal in a future version. Use timezone-aware objects to represent datetimes in UTC: datetime.datetime.now(datetime.UTC).
  return calendar.timegm(datetime.datetime.utcnow().utctimetuple())
/workspaces/backcase_erp/frappe/frappe-bench/env/lib/python3.12/site-packages/rq/utils.py:227: DeprecationWarning: datetime.datetime.utcnow() is deprecated and scheduled for removal in a future version. Use timezone-aware objects to represent datetimes in UTC: datetime.datetime.now(datetime.UTC).
  return calendar.timegm(datetime.datetime.utcnow().utctimetuple())
/workspaces/backcase_erp/frappe/frappe-bench/env/lib/python3.12/site-packages/rq/utils.py:227: DeprecationWarning: datetime.datetime.utcnow() is deprecated and scheduled for removal in a future version. Use timezone-aware objects to represent datetimes in UTC: datetime.datetime.now(datetime.UTC).
  return calendar.timegm(datetime.datetime.utcnow().utctimetuple())
/workspaces/backcase_erp/frappe/frappe-bench/env/lib/python3.12/site-packages/rq/utils.py:227: DeprecationWarning: datetime.datetime.utcnow() is deprecated and scheduled for removal in a future version. Use timezone-aware objects to represent datetimes in UTC: datetime.datetime.now(datetime.UTC).
  return calendar.timegm(datetime.datetime.utcnow().utctimetuple())
/workspaces/backcase_erp/frappe/frappe-bench/env/lib/python3.12/site-packages/rq/utils.py:227: DeprecationWarning: datetime.datetime.utcnow() is deprecated and scheduled for removal in a future version. Use timezone-aware objects to represent datetimes in UTC: datetime.datetime.now(datetime.UTC).
  return calendar.timegm(datetime.datetime.utcnow().utctimetuple())
/workspaces/backcase_erp/frappe/frappe-bench/env/lib/python3.12/site-packages/rq/utils.py:227: DeprecationWarning: datetime.datetime.utcnow() is deprecated and scheduled for removal in a future version. Use timezone-aware objects to represent datetimes in UTC: datetime.datetime.now(datetime.UTC).
  return calendar.timegm(datetime.datetime.utcnow().utctimetuple())
/workspaces/backcase_erp/frappe/frappe-bench/env/lib/python3.12/site-packages/rq/utils.py:128: DeprecationWarning: datetime.datetime.utcnow() is deprecated and scheduled for removal in a future version. Use timezone-aware objects to represent datetimes in UTC: datetime.datetime.now(datetime.UTC).
  return datetime.datetime.utcnow()
/workspaces/backcase_erp/frappe/frappe-bench/env/lib/python3.12/site-packages/rq/utils.py:128: DeprecationWarning: datetime.datetime.utcnow() is deprecated and scheduled for removal in a future version. Use timezone-aware objects to represent datetimes in UTC: datetime.datetime.now(datetime.UTC).
  return datetime.datetime.utcnow()
/workspaces/backcase_erp/frappe/frappe-bench/env/lib/python3.12/site-packages/rq/utils.py:128: DeprecationWarning: datetime.datetime.utcnow() is deprecated and scheduled for removal in a future version. Use timezone-aware objects to represent datetimes in UTC: datetime.datetime.now(datetime.UTC).
  return datetime.datetime.utcnow()
/workspaces/backcase_erp/frappe/frappe-bench/env/lib/python3.12/site-packages/rq/utils.py:128: DeprecationWarning: datetime.datetime.utcnow() is deprecated and scheduled for removal in a future version. Use timezone-aware objects to represent datetimes in UTC: datetime.datetime.now(datetime.UTC).
  return datetime.datetime.utcnow()
/workspaces/backcase_erp/frappe/frappe-bench/env/lib/python3.12/site-packages/rq/utils.py:128: DeprecationWarning: datetime.datetime.utcnow() is deprecated and scheduled for removal in a future version. Use timezone-aware objects to represent datetimes in UTC: datetime.datetime.now(datetime.UTC).
  return datetime.datetime.utcnow()
/workspaces/backcase_erp/frappe/frappe-bench/env/lib/python3.12/site-packages/rq/utils.py:128: DeprecationWarning: datetime.datetime.utcnow() is deprecated and scheduled for removal in a future version. Use timezone-aware objects to represent datetimes in UTC: datetime.datetime.now(datetime.UTC).
  return datetime.datetime.utcnow()
/workspaces/backcase_erp/frappe/frappe-bench/env/lib/python3.12/site-packages/rq/utils.py:128: DeprecationWarning: datetime.datetime.utcnow() is deprecated and scheduled for removal in a future version. Use timezone-aware objects to represent datetimes in UTC: datetime.datetime.now(datetime.UTC).
  return datetime.datetime.utcnow()
/workspaces/backcase_erp/frappe/frappe-bench/env/lib/python3.12/site-packages/rq/utils.py:128: DeprecationWarning: datetime.datetime.utcnow() is deprecated and scheduled for removal in a future version. Use timezone-aware objects to represent datetimes in UTC: datetime.datetime.now(datetime.UTC).
  return datetime.datetime.utcnow()
/workspaces/backcase_erp/frappe/frappe-bench/env/lib/python3.12/site-packages/rq/utils.py:227: DeprecationWarning: datetime.datetime.utcnow() is deprecated and scheduled for removal in a future version. Use timezone-aware objects to represent datetimes in UTC: datetime.datetime.now(datetime.UTC).
  return calendar.timegm(datetime.datetime.utcnow().utctimetuple())
/workspaces/backcase_erp/frappe/frappe-bench/env/lib/python3.12/site-packages/rq/utils.py:227: DeprecationWarning: datetime.datetime.utcnow() is deprecated and scheduled for removal in a future version. Use timezone-aware objects to represent datetimes in UTC: datetime.datetime.now(datetime.UTC).
  return calendar.timegm(datetime.datetime.utcnow().utctimetuple())
/workspaces/backcase_erp/frappe/frappe-bench/env/lib/python3.12/site-packages/rq/utils.py:227: DeprecationWarning: datetime.datetime.utcnow() is deprecated and scheduled for removal in a future version. Use timezone-aware objects to represent datetimes in UTC: datetime.datetime.now(datetime.UTC).
  return calendar.timegm(datetime.datetime.utcnow().utctimetuple())
/workspaces/backcase_erp/frappe/frappe-bench/env/lib/python3.12/site-packages/rq/utils.py:227: DeprecationWarning: datetime.datetime.utcnow() is deprecated and scheduled for removal in a future version. Use timezone-aware objects to represent datetimes in UTC: datetime.datetime.now(datetime.UTC).
  return calendar.timegm(datetime.datetime.utcnow().utctimetuple())
/workspaces/backcase_erp/frappe/frappe-bench/env/lib/python3.12/site-packages/rq/utils.py:227: DeprecationWarning: datetime.datetime.utcnow() is deprecated and scheduled for removal in a future version. Use timezone-aware objects to represent datetimes in UTC: datetime.datetime.now(datetime.UTC).
  return calendar.timegm(datetime.datetime.utcnow().utctimetuple())
/workspaces/backcase_erp/frappe/frappe-bench/env/lib/python3.12/site-packages/rq/utils.py:227: DeprecationWarning: datetime.datetime.utcnow() is deprecated and scheduled for removal in a future version. Use timezone-aware objects to represent datetimes in UTC: datetime.datetime.now(datetime.UTC).
  return calendar.timegm(datetime.datetime.utcnow().utctimetuple())
/workspaces/backcase_erp/frappe/frappe-bench/env/lib/python3.12/site-packages/rq/utils.py:227: DeprecationWarning: datetime.datetime.utcnow() is deprecated and scheduled for removal in a future version. Use timezone-aware objects to represent datetimes in UTC: datetime.datetime.now(datetime.UTC).
  return calendar.timegm(datetime.datetime.utcnow().utctimetuple())
/workspaces/backcase_erp/frappe/frappe-bench/env/lib/python3.12/site-packages/rq/utils.py:227: DeprecationWarning: datetime.datetime.utcnow() is deprecated and scheduled for removal in a future version. Use timezone-aware objects to represent datetimes in UTC: datetime.datetime.now(datetime.UTC).
  return calendar.timegm(datetime.datetime.utcnow().utctimetuple())
/workspaces/backcase_erp/frappe/frappe-bench/env/lib/python3.12/site-packages/rq/utils.py:227: DeprecationWarning: datetime.datetime.utcnow() is deprecated and scheduled for removal in a future version. Use timezone-aware objects to represent datetimes in UTC: datetime.datetime.now(datetime.UTC).
  return calendar.timegm(datetime.datetime.utcnow().utctimetuple())
/workspaces/backcase_erp/frappe/frappe-bench/env/lib/python3.12/site-packages/rq/utils.py:128: DeprecationWarning: datetime.datetime.utcnow() is deprecated and scheduled for removal in a future version. Use timezone-aware objects to represent datetimes in UTC: datetime.datetime.now(datetime.UTC).
  return datetime.datetime.utcnow()
/workspaces/backcase_erp/frappe/frappe-bench/env/lib/python3.12/site-packages/rq/utils.py:128: DeprecationWarning: datetime.datetime.utcnow() is deprecated and scheduled for removal in a future version. Use timezone-aware objects to represent datetimes in UTC: datetime.datetime.now(datetime.UTC).
  return datetime.datetime.utcnow()
/workspaces/backcase_erp/frappe/frappe-bench/env/lib/python3.12/site-packages/rq/utils.py:128: DeprecationWarning: datetime.datetime.utcnow() is deprecated and scheduled for removal in a future version. Use timezone-aware objects to represent datetimes in UTC: datetime.datetime.now(datetime.UTC).
  return datetime.datetime.utcnow()
/workspaces/backcase_erp/frappe/frappe-bench/env/lib/python3.12/site-packages/rq/utils.py:128: DeprecationWarning: datetime.datetime.utcnow() is deprecated and scheduled for removal in a future version. Use timezone-aware objects to represent datetimes in UTC: datetime.datetime.now(datetime.UTC).
  return datetime.datetime.utcnow()
/workspaces/backcase_erp/frappe/frappe-bench/env/lib/python3.12/site-packages/rq/utils.py:128: DeprecationWarning: datetime.datetime.utcnow() is deprecated and scheduled for removal in a future version. Use timezone-aware objects to represent datetimes in UTC: datetime.datetime.now(datetime.UTC).
  return datetime.datetime.utcnow()
/workspaces/backcase_erp/frappe/frappe-bench/env/lib/python3.12/site-packages/rq/utils.py:128: DeprecationWarning: datetime.datetime.utcnow() is deprecated and scheduled for removal in a future version. Use timezone-aware objects to represent datetimes in UTC: datetime.datetime.now(datetime.UTC).
  return datetime.datetime.utcnow()
/workspaces/backcase_erp/frappe/frappe-bench/env/lib/python3.12/site-packages/rq/connections.py:58: DeprecationWarning: The `push_connection` function is deprecated. Pass the `connection` explicitly instead.
  warnings.warn(
/workspaces/backcase_erp/frappe/frappe-bench/env/lib/python3.12/site-packages/rq/utils.py:128: DeprecationWarning: datetime.datetime.utcnow() is deprecated and scheduled for removal in a future version. Use timezone-aware objects to represent datetimes in UTC: datetime.datetime.now(datetime.UTC).
  return datetime.datetime.utcnow()
/workspaces/backcase_erp/frappe/frappe-bench/env/lib/python3.12/site-packages/rq/worker.py:1170: DeprecationWarning: This process (pid=50044) is multi-threaded, use of fork() may lead to deadlocks in the child.
  child_pid = os.fork()
/workspaces/backcase_erp/frappe/frappe-bench/env/lib/python3.12/site-packages/rq/utils.py:128: DeprecationWarning: datetime.datetime.utcnow() is deprecated and scheduled for removal in a future version. Use timezone-aware objects to represent datetimes in UTC: datetime.datetime.now(datetime.UTC).
  return datetime.datetime.utcnow()
/workspaces/backcase_erp/frappe/frappe-bench/env/lib/python3.12/site-packages/rq/utils.py:128: DeprecationWarning: datetime.datetime.utcnow() is deprecated and scheduled for removal in a future version. Use timezone-aware objects to represent datetimes in UTC: datetime.datetime.now(datetime.UTC).
  return datetime.datetime.utcnow()
/workspaces/backcase_erp/frappe/frappe-bench/env/lib/python3.12/site-packages/rq/utils.py:227: DeprecationWarning: datetime.datetime.utcnow() is deprecated and scheduled for removal in a future version. Use timezone-aware objects to represent datetimes in UTC: datetime.datetime.now(datetime.UTC).
  return calendar.timegm(datetime.datetime.utcnow().utctimetuple())
/workspaces/backcase_erp/frappe/frappe-bench/env/lib/python3.12/site-packages/rq/utils.py:128: DeprecationWarning: datetime.datetime.utcnow() is deprecated and scheduled for removal in a future version. Use timezone-aware objects to represent datetimes in UTC: datetime.datetime.now(datetime.UTC).
  return datetime.datetime.utcnow()
/workspaces/backcase_erp/frappe/frappe-bench/env/lib/python3.12/site-packages/rq/utils.py:128: DeprecationWarning: datetime.datetime.utcnow() is deprecated and scheduled for removal in a future version. Use timezone-aware objects to represent datetimes in UTC: datetime.datetime.now(datetime.UTC).
  return datetime.datetime.utcnow()
/workspaces/backcase_erp/frappe/frappe-bench/env/lib/python3.12/site-packages/passlib/utils/__init__.py:854: DeprecationWarning: 'crypt' is deprecated and slated for removal in Python 3.13
  from crypt import crypt as _crypt
/workspaces/backcase_erp/frappe/frappe-bench/env/lib/python3.12/site-packages/rq/utils.py:128: DeprecationWarning: datetime.datetime.utcnow() is deprecated and scheduled for removal in a future version. Use timezone-aware objects to represent datetimes in UTC: datetime.datetime.now(datetime.UTC).
  return datetime.datetime.utcnow()
/workspaces/backcase_erp/frappe/frappe-bench/env/lib/python3.12/site-packages/rq/utils.py:128: DeprecationWarning: datetime.datetime.utcnow() is deprecated and scheduled for removal in a future version. Use timezone-aware objects to represent datetimes in UTC: datetime.datetime.now(datetime.UTC).
  return datetime.datetime.utcnow()
/workspaces/backcase_erp/frappe/frappe-bench/env/lib/python3.12/site-packages/rq/utils.py:128: DeprecationWarning: datetime.datetime.utcnow() is deprecated and scheduled for removal in a future version. Use timezone-aware objects to represent datetimes in UTC: datetime.datetime.now(datetime.UTC).
  return datetime.datetime.utcnow()
/workspaces/backcase_erp/frappe/frappe-bench/env/lib/python3.12/site-packages/rq/utils.py:227: DeprecationWarning: datetime.datetime.utcnow() is deprecated and scheduled for removal in a future version. Use timezone-aware objects to represent datetimes in UTC: datetime.datetime.now(datetime.UTC).
  return calendar.timegm(datetime.datetime.utcnow().utctimetuple())
/workspaces/backcase_erp/frappe/frappe-bench/env/lib/python3.12/site-packages/rq/utils.py:128: DeprecationWarning: datetime.datetime.utcnow() is deprecated and scheduled for removal in a future version. Use timezone-aware objects to represent datetimes in UTC: datetime.datetime.now(datetime.UTC).
  return datetime.datetime.utcnow()
/workspaces/backcase_erp/frappe/frappe-bench/env/lib/python3.12/site-packages/rq/utils.py:128: DeprecationWarning: datetime.datetime.utcnow() is deprecated and scheduled for removal in a future version. Use timezone-aware objects to represent datetimes in UTC: datetime.datetime.now(datetime.UTC).
  return datetime.datetime.utcnow()
/workspaces/backcase_erp/frappe/frappe-bench/env/lib/python3.12/site-packages/rq/utils.py:128: DeprecationWarning: datetime.datetime.utcnow() is deprecated and scheduled for removal in a future version. Use timezone-aware objects to represent datetimes in UTC: datetime.datetime.now(datetime.UTC).
  return datetime.datetime.utcnow()
/workspaces/backcase_erp/frappe/frappe-bench/env/lib/python3.12/site-packages/rq/utils.py:227: DeprecationWarning: datetime.datetime.utcnow() is deprecated and scheduled for removal in a future version. Use timezone-aware objects to represent datetimes in UTC: datetime.datetime.now(datetime.UTC).
  return calendar.timegm(datetime.datetime.utcnow().utctimetuple())
/workspaces/backcase_erp/frappe/frappe-bench/env/lib/python3.12/site-packages/rq/utils.py:128: DeprecationWarning: datetime.datetime.utcnow() is deprecated and scheduled for removal in a future version. Use timezone-aware objects to represent datetimes in UTC: datetime.datetime.now(datetime.UTC).
  return datetime.datetime.utcnow()
/workspaces/backcase_erp/frappe/frappe-bench/env/lib/python3.12/site-packages/rq/utils.py:128: DeprecationWarning: datetime.datetime.utcnow() is deprecated and scheduled for removal in a future version. Use timezone-aware objects to represent datetimes in UTC: datetime.datetime.now(datetime.UTC).
  return datetime.datetime.utcnow()
/workspaces/backcase_erp/frappe/frappe-bench/env/lib/python3.12/site-packages/rq/utils.py:128: DeprecationWarning: datetime.datetime.utcnow() is deprecated and scheduled for removal in a future version. Use timezone-aware objects to represent datetimes in UTC: datetime.datetime.now(datetime.UTC).
  return datetime.datetime.utcnow()
/workspaces/backcase_erp/frappe/frappe-bench/env/lib/python3.12/site-packages/rq/utils.py:227: DeprecationWarning: datetime.datetime.utcnow() is deprecated and scheduled for removal in a future version. Use timezone-aware objects to represent datetimes in UTC: datetime.datetime.now(datetime.UTC).
  return calendar.timegm(datetime.datetime.utcnow().utctimetuple())
/workspaces/backcase_erp/frappe/frappe-bench/env/lib/python3.12/site-packages/rq/utils.py:128: DeprecationWarning: datetime.datetime.utcnow() is deprecated and scheduled for removal in a future version. Use timezone-aware objects to represent datetimes in UTC: datetime.datetime.now(datetime.UTC).
  return datetime.datetime.utcnow()
/workspaces/backcase_erp/frappe/frappe-bench/env/lib/python3.12/site-packages/rq/utils.py:128: DeprecationWarning: datetime.datetime.utcnow() is deprecated and scheduled for removal in a future version. Use timezone-aware objects to represent datetimes in UTC: datetime.datetime.now(datetime.UTC).
  return datetime.datetime.utcnow()
/workspaces/backcase_erp/frappe/frappe-bench/env/lib/python3.12/site-packages/rq/utils.py:227: DeprecationWarning: datetime.datetime.utcnow() is deprecated and scheduled for removal in a future version. Use timezone-aware objects to represent datetimes in UTC: datetime.datetime.now(datetime.UTC).
  return calendar.timegm(datetime.datetime.utcnow().utctimetuple())
/workspaces/backcase_erp/frappe/frappe-bench/env/lib/python3.12/site-packages/rq/utils.py:227: DeprecationWarning: datetime.datetime.utcnow() is deprecated and scheduled for removal in a future version. Use timezone-aware objects to represent datetimes in UTC: datetime.datetime.now(datetime.UTC).
  return calendar.timegm(datetime.datetime.utcnow().utctimetuple())
/workspaces/backcase_erp/frappe/frappe-bench/env/lib/python3.12/site-packages/rq/connections.py:72: DeprecationWarning: The `pop_connection` function is deprecated. Pass the `connection` explicitly instead.
  warnings.warn(
/workspaces/backcase_erp/frappe/frappe-bench/env/lib/python3.12/site-packages/rq/utils.py:128: DeprecationWarning: datetime.datetime.utcnow() is deprecated and scheduled for removal in a future version. Use timezone-aware objects to represent datetimes in UTC: datetime.datetime.now(datetime.UTC).
  return datetime.datetime.utcnow()
/workspaces/backcase_erp/frappe/frappe-bench/env/lib/python3.12/site-packages/rq/utils.py:128: DeprecationWarning: datetime.datetime.utcnow() is deprecated and scheduled for removal in a future version. Use timezone-aware objects to represent datetimes in UTC: datetime.datetime.now(datetime.UTC).
  return datetime.datetime.utcnow()
/workspaces/backcase_erp/frappe/frappe-bench/env/lib/python3.12/site-packages/rq/utils.py:128: DeprecationWarning: datetime.datetime.utcnow() is deprecated and scheduled for removal in a future version. Use timezone-aware objects to represent datetimes in UTC: datetime.datetime.now(datetime.UTC).
  return datetime.datetime.utcnow()
/workspaces/backcase_erp/frappe/frappe-bench/env/lib/python3.12/site-packages/rq/utils.py:128: DeprecationWarning: datetime.datetime.utcnow() is deprecated and scheduled for removal in a future version. Use timezone-aware objects to represent datetimes in UTC: datetime.datetime.now(datetime.UTC).
  return datetime.datetime.utcnow()
/workspaces/backcase_erp/frappe/frappe-bench/env/lib/python3.12/site-packages/rq/utils.py:128: DeprecationWarning: datetime.datetime.utcnow() is deprecated and scheduled for removal in a future version. Use timezone-aware objects to represent datetimes in UTC: datetime.datetime.now(datetime.UTC).
  return datetime.datetime.utcnow()
/workspaces/backcase_erp/frappe/frappe-bench/env/lib/python3.12/site-packages/rq/utils.py:128: DeprecationWarning: datetime.datetime.utcnow() is deprecated and scheduled for removal in a future version. Use timezone-aware objects to represent datetimes in UTC: datetime.datetime.now(datetime.UTC).
  return datetime.datetime.utcnow()
2025-02-02 10:18:02,662 Could not connect to Redis instance: Connection closed by server. Retrying in 1 seconds...
Exception in thread Thread-1:
Traceback (most recent call last):
  File "/home/codespace/.python/current/lib/python3.12/threading.py", line 1073, in _bootstrap_inner
/workspaces/backcase_erp/frappe/frappe-bench/env/lib/python3.12/site-packages/rq/utils.py:128: DeprecationWarning: datetime.datetime.utcnow() is deprecated and scheduled for removal in a future version. Use timezone-aware objects to represent datetimes in UTC: datetime.datetime.now(datetime.UTC).
  return datetime.datetime.utcnow()
/workspaces/backcase_erp/frappe/frappe-bench/env/lib/python3.12/site-packages/rq/utils.py:128: DeprecationWarning: datetime.datetime.utcnow() is deprecated and scheduled for removal in a future version. Use timezone-aware objects to represent datetimes in UTC: datetime.datetime.now(datetime.UTC).
  return datetime.datetime.utcnow()
Traceback (most recent call last):
  File "/workspaces/backcase_erp/frappe/frappe-bench/env/lib/python3.12/site-packages/redis/connection.py", line 699, in connect
    sock = self.retry.call_with_retry(
           ^^^^^^^^^^^^^^^^^^^^^^^^^^^
  File "/workspaces/backcase_erp/frappe/frappe-bench/env/lib/python3.12/site-packages/redis/retry.py", line 46, in call_with_retry
    return do()
           ^^^^
  File "/workspaces/backcase_erp/frappe/frappe-bench/env/lib/python3.12/site-packages/redis/connection.py", line 700, in <lambda>
    lambda: self._connect(), lambda error: self.disconnect(error)
            ^^^^^^^^^^^^^^^
  File "/workspaces/backcase_erp/frappe/frappe-bench/env/lib/python3.12/site-packages/redis/connection.py", line 1002, in _connect
    raise err
  File "/workspaces/backcase_erp/frappe/frappe-bench/env/lib/python3.12/site-packages/redis/connection.py", line 990, in _connect
    sock.connect(socket_address)
ConnectionRefusedError: [Errno 111] Connection refused

During handling of the above exception, another exception occurred:

Traceback (most recent call last):
  File "<frozen runpy>", line 198, in _run_module_as_main
  File "<frozen runpy>", line 88, in _run_code
  File "/workspaces/backcase_erp/frappe/frappe-bench/apps/frappe/frappe/utils/bench_helper.py", line 114, in <module>
    self.run()
  File "/workspaces/backcase_erp/frappe/frappe-bench/env/lib/python3.12/site-packages/redis/client.py", line 1799, in run
    pubsub.get_message(ignore_subscribe_messages=True, timeout=sleep_time)    main()
  File "/workspaces/backcase_erp/frappe/frappe-bench/apps/frappe/frappe/utils/bench_helper.py", line 20, in main
    click.Group(commands=commands)(prog_name="bench")
  File "/workspaces/backcase_erp/frappe/frappe-bench/env/lib/python3.12/site-packages/click/core.py", line 1161, in __call__
    
  File "/workspaces/backcase_erp/frappe/frappe-bench/env/lib/python3.12/site-packages/redis/client.py", line 1690, in get_message
    response = self.parse_response(block=(timeout is None), timeout=timeout)
     return self.main(*args, **kwargs)
                ^  ^^  ^^ ^^^^^^^^^^^^^^^^^^^^^^^^^^^^^^^^^^^^^^^^^^^^^^^^^^^^^
^^  File "/workspaces/backcase_erp/frappe/frappe-bench/env/lib/python3.12/site-packages/click/core.py", line 1082, in main
^^^^^    rv = self.invoke(ctx)
         ^^^^^^^^^^^^^^^^
  File "/workspaces/backcase_erp/frappe/frappe-bench/env/lib/python3.12/site-packages/click/core.py", line 1697, in invoke
    ^^^^^^^^^^^^^^^^^return _process_result(sub_ctx.command.invoke(sub_ctx))
^^^^ ^
    File "/workspaces/backcase_erp/frappe/frappe-bench/env/lib/python3.12/site-packages/redis/client.py", line 1542, in parse_response
     response = self._execute(conn, try_read)                       ^^^^^^^^
 ^^^^^  ^^  ^^  ^^  ^^  ^^  ^^  ^^^^^^^^^^^^
  File "/workspaces/backcase_erp/frappe/frappe-bench/env/lib/python3.12/site-packages/click/core.py", line 1697, in invoke
^^^^^^^^^^^^^^^^^^^^^^^
  File "/workspaces/backcase_erp/frappe/frappe-bench/env/lib/python3.12/site-packages/redis/client.py", line 1518, in _execute
        return _process_result(sub_ctx.command.invoke(sub_ctx))
                   return conn.retry.call_with_retry(
               ^^  ^^^  ^^^^^^^^^^^^^^^^^^^^^^^^^^^^^^^^^^^^^^^^^^^^^^^^^^^^
  File "/workspaces/backcase_erp/frappe/frappe-bench/env/lib/python3.12/site-packages/click/core.py", line 1443, in invoke
^
  File "/workspaces/backcase_erp/frappe/frappe-bench/env/lib/python3.12/site-packages/redis/retry.py", line 49, in call_with_retry
    fail(error)
  File "/workspaces/backcase_erp/frappe/frappe-bench/env/lib/python3.12/site-packages/redis/client.py", line 1520, in <lambda>
        return ctx.invoke(self.callback, **ctx.params)
       lambda error: self._disconnect_raise_connect(conn, error),
     ^^  ^^   ^^  ^^  ^^  ^^  ^^  ^^  ^^^^^^^^^^^^^^^^^^^^^^^^^^^^^^^^^^^^^^^^^^^^^
^^  File "/workspaces/backcase_erp/frappe/frappe-bench/env/lib/python3.12/site-packages/click/core.py", line 788, in invoke
^^^^^^^^^^^^^^^^^    ^^return __callback(*args, **kwargs)

  File "/workspaces/backcase_erp/frappe/frappe-bench/env/lib/python3.12/site-packages/redis/client.py", line 1507, in _disconnect_raise_connect
               ^^^^^^^^^^^^^^raise error
^^^^  File "/workspaces/backcase_erp/frappe/frappe-bench/env/lib/python3.12/site-packages/redis/retry.py", line 46, in call_with_retry
^^^^^^    ^^return do()
^
  File "/workspaces/backcase_erp/frappe/frappe-bench/apps/frappe/frappe/commands/scheduler.py", line 205, in start_worker
           ^^^^
  File "/workspaces/backcase_erp/frappe/frappe-bench/env/lib/python3.12/site-packages/redis/client.py", line 1519, in <lambda>
    lambda: command(*args, **kwargs),
            ^^^^^^^^^^^^^^^^^^^^^^^^
  File "/workspaces/backcase_erp/frappe/frappe-bench/env/lib/python3.12/site-packages/redis/client.py", line 1536, in try_read
    if not conn.can_read(timeout=timeout):
           ^^^^^^^^^^^^^^^^^^^^^^^^^^^^^^
  File "/workspaces/backcase_erp/frappe/frappe-bench/env/lib/python3.12/site-packages/redis/connection.py", line 861, in can_read
    return self._parser.can_read(timeout)
           ^^^^^^^^^^^^^^^^^^^^^^^^^^^^^^
  File "/workspaces/backcase_erp/frappe/frappe-bench/env/lib/python3.12/site-packages/redis/connection.py", line 444, in can_read
    return self.read_from_socket(timeout=timeout, raise_on_timeout=False)
           ^^^^^^^^^^^^^^^^^^^^^^^^^^^^^^^^^^^    start_worker(
  File "/workspaces/backcase_erp/frappe/frappe-bench/apps/frappe/frappe/utils/background_jobs.py", line 318, in start_worker
^^^^^^^^^^^^^^^^^^^^^^^^^^^
  File "/workspaces/backcase_erp/frappe/frappe-bench/env/lib/python3.12/site-packages/redis/connection.py", line 455, in read_from_socket
    raise ConnectionError(SERVER_CLOSED_CONNECTION_ERROR)
redis.exceptions.ConnectionError: Connection closed by server.
    worker.work(
  File "/workspaces/backcase_erp/frappe/frappe-bench/env/lib/python3.12/site-packages/rq/worker.py", line 456, in work
    self.teardown()
  File "/workspaces/backcase_erp/frappe/frappe-bench/env/lib/python3.12/site-packages/rq/worker.py", line 1046, in teardown
    self.register_death()
  File "/workspaces/backcase_erp/frappe/frappe-bench/env/lib/python3.12/site-packages/rq/worker.py", line 832, in register_death
    p.execute()
  File "/workspaces/backcase_erp/frappe/frappe-bench/env/lib/python3.12/site-packages/redis/client.py", line 2114, in execute
    conn = self.connection_pool.get_connection("MULTI", self.shard_hint)
           ^^^^^^^^^^^^^^^^^^^^^^^^^^^^^^^^^^^^^^^^^^^^^^^^^^^^^^^^^^^^^
  File "/workspaces/backcase_erp/frappe/frappe-bench/env/lib/python3.12/site-packages/redis/connection.py", line 1457, in get_connection
    connection.connect()
  File "/workspaces/backcase_erp/frappe/frappe-bench/env/lib/python3.12/site-packages/redis/connection.py", line 705, in connect
    raise ConnectionError(self._error_message(e))
redis.exceptions.ConnectionError: Error 111 connecting to 127.0.0.1:11000. Connection refused.
/workspaces/backcase_erp/frappe/frappe-bench/env/lib/python3.12/site-packages/rq/utils.py:128: DeprecationWarning: datetime.datetime.utcnow() is deprecated and scheduled for removal in a future version. Use timezone-aware objects to represent datetimes in UTC: datetime.datetime.now(datetime.UTC).
  return datetime.datetime.utcnow()
/workspaces/backcase_erp/frappe/frappe-bench/env/lib/python3.12/site-packages/rq/utils.py:128: DeprecationWarning: datetime.datetime.utcnow() is deprecated and scheduled for removal in a future version. Use timezone-aware objects to represent datetimes in UTC: datetime.datetime.now(datetime.UTC).
  return datetime.datetime.utcnow()
/workspaces/backcase_erp/frappe/frappe-bench/env/lib/python3.12/site-packages/rq/utils.py:227: DeprecationWarning: datetime.datetime.utcnow() is deprecated and scheduled for removal in a future version. Use timezone-aware objects to represent datetimes in UTC: datetime.datetime.now(datetime.UTC).
  return calendar.timegm(datetime.datetime.utcnow().utctimetuple())
/workspaces/backcase_erp/frappe/frappe-bench/env/lib/python3.12/site-packages/rq/utils.py:227: DeprecationWarning: datetime.datetime.utcnow() is deprecated and scheduled for removal in a future version. Use timezone-aware objects to represent datetimes in UTC: datetime.datetime.now(datetime.UTC).
  return calendar.timegm(datetime.datetime.utcnow().utctimetuple())
/workspaces/backcase_erp/frappe/frappe-bench/env/lib/python3.12/site-packages/rq/utils.py:227: DeprecationWarning: datetime.datetime.utcnow() is deprecated and scheduled for removal in a future version. Use timezone-aware objects to represent datetimes in UTC: datetime.datetime.now(datetime.UTC).
  return calendar.timegm(datetime.datetime.utcnow().utctimetuple())
/workspaces/backcase_erp/frappe/frappe-bench/env/lib/python3.12/site-packages/rq/utils.py:227: DeprecationWarning: datetime.datetime.utcnow() is deprecated and scheduled for removal in a future version. Use timezone-aware objects to represent datetimes in UTC: datetime.datetime.now(datetime.UTC).
  return calendar.timegm(datetime.datetime.utcnow().utctimetuple())
/workspaces/backcase_erp/frappe/frappe-bench/env/lib/python3.12/site-packages/rq/utils.py:227: DeprecationWarning: datetime.datetime.utcnow() is deprecated and scheduled for removal in a future version. Use timezone-aware objects to represent datetimes in UTC: datetime.datetime.now(datetime.UTC).
  return calendar.timegm(datetime.datetime.utcnow().utctimetuple())
/workspaces/backcase_erp/frappe/frappe-bench/env/lib/python3.12/site-packages/rq/utils.py:227: DeprecationWarning: datetime.datetime.utcnow() is deprecated and scheduled for removal in a future version. Use timezone-aware objects to represent datetimes in UTC: datetime.datetime.now(datetime.UTC).
  return calendar.timegm(datetime.datetime.utcnow().utctimetuple())
/workspaces/backcase_erp/frappe/frappe-bench/env/lib/python3.12/site-packages/rq/utils.py:227: DeprecationWarning: datetime.datetime.utcnow() is deprecated and scheduled for removal in a future version. Use timezone-aware objects to represent datetimes in UTC: datetime.datetime.now(datetime.UTC).
  return calendar.timegm(datetime.datetime.utcnow().utctimetuple())
/workspaces/backcase_erp/frappe/frappe-bench/env/lib/python3.12/site-packages/rq/utils.py:227: DeprecationWarning: datetime.datetime.utcnow() is deprecated and scheduled for removal in a future version. Use timezone-aware objects to represent datetimes in UTC: datetime.datetime.now(datetime.UTC).
  return calendar.timegm(datetime.datetime.utcnow().utctimetuple())
/workspaces/backcase_erp/frappe/frappe-bench/env/lib/python3.12/site-packages/rq/utils.py:227: DeprecationWarning: datetime.datetime.utcnow() is deprecated and scheduled for removal in a future version. Use timezone-aware objects to represent datetimes in UTC: datetime.datetime.now(datetime.UTC).
  return calendar.timegm(datetime.datetime.utcnow().utctimetuple())
/workspaces/backcase_erp/frappe/frappe-bench/env/lib/python3.12/site-packages/rq/utils.py:128: DeprecationWarning: datetime.datetime.utcnow() is deprecated and scheduled for removal in a future version. Use timezone-aware objects to represent datetimes in UTC: datetime.datetime.now(datetime.UTC).
  return datetime.datetime.utcnow()
/workspaces/backcase_erp/frappe/frappe-bench/env/lib/python3.12/site-packages/rq/utils.py:128: DeprecationWarning: datetime.datetime.utcnow() is deprecated and scheduled for removal in a future version. Use timezone-aware objects to represent datetimes in UTC: datetime.datetime.now(datetime.UTC).
  return datetime.datetime.utcnow()
/workspaces/backcase_erp/frappe/frappe-bench/env/lib/python3.12/site-packages/rq/utils.py:128: DeprecationWarning: datetime.datetime.utcnow() is deprecated and scheduled for removal in a future version. Use timezone-aware objects to represent datetimes in UTC: datetime.datetime.now(datetime.UTC).
  return datetime.datetime.utcnow()
/workspaces/backcase_erp/frappe/frappe-bench/env/lib/python3.12/site-packages/rq/utils.py:128: DeprecationWarning: datetime.datetime.utcnow() is deprecated and scheduled for removal in a future version. Use timezone-aware objects to represent datetimes in UTC: datetime.datetime.now(datetime.UTC).
  return datetime.datetime.utcnow()
/workspaces/backcase_erp/frappe/frappe-bench/env/lib/python3.12/site-packages/rq/utils.py:128: DeprecationWarning: datetime.datetime.utcnow() is deprecated and scheduled for removal in a future version. Use timezone-aware objects to represent datetimes in UTC: datetime.datetime.now(datetime.UTC).
  return datetime.datetime.utcnow()
/workspaces/backcase_erp/frappe/frappe-bench/env/lib/python3.12/site-packages/rq/utils.py:128: DeprecationWarning: datetime.datetime.utcnow() is deprecated and scheduled for removal in a future version. Use timezone-aware objects to represent datetimes in UTC: datetime.datetime.now(datetime.UTC).
  return datetime.datetime.utcnow()
Exception in thread Thread-1:
Traceback (most recent call last):
  File "/home/codespace/.python/current/lib/python3.12/threading.py", line 1073, in _bootstrap_inner
    self.run()
  File "/workspaces/backcase_erp/frappe/frappe-bench/env/lib/python3.12/site-packages/redis/client.py", line 1799, in run
    pubsub.get_message(ignore_subscribe_messages=True, timeout=sleep_time)
  File "/workspaces/backcase_erp/frappe/frappe-bench/env/lib/python3.12/site-packages/redis/client.py", line 1690, in get_message
    response = self.parse_response(block=(timeout is None), timeout=timeout)
               ^^^^^^^^^^^^^^^^^^^^^^^^^^^^^^^^^^^^^^^^^^^^^^^^^^^^^^^^^^^^^
  File "/workspaces/backcase_erp/frappe/frappe-bench/env/lib/python3.12/site-packages/redis/client.py", line 1542, in parse_response
    response = self._execute(conn, try_read)
               ^^^^^^^^^^^^^^^^^^^^^^^^^^^^^
  File "/workspaces/backcase_erp/frappe/frappe-bench/env/lib/python3.12/site-packages/redis/client.py", line 1518, in _execute
    return conn.retry.call_with_retry(
           ^^^^^^^^^^^^^^^^^^^^^^^^^^^
  File "/workspaces/backcase_erp/frappe/frappe-bench/env/lib/python3.12/site-packages/redis/retry.py", line 49, in call_with_retry
    fail(error)
  File "/workspaces/backcase_erp/frappe/frappe-bench/env/lib/python3.12/site-packages/redis/client.py", line 1520, in <lambda>
    lambda error: self._disconnect_raise_connect(conn, error),
                  ^^^^^^^^^^^^^^^^^^^^^^^^^^^^^^^^^^^^^^^^^^^
  File "/workspaces/backcase_erp/frappe/frappe-bench/env/lib/python3.12/site-packages/redis/client.py", line 1507, in _disconnect_raise_connect
    raise error
  File "/workspaces/backcase_erp/frappe/frappe-bench/env/lib/python3.12/site-packages/redis/retry.py", line 46, in call_with_retry
    return do()
           ^^^^
  File "/workspaces/backcase_erp/frappe/frappe-bench/env/lib/python3.12/site-packages/redis/client.py", line 1519, in <lambda>
    lambda: command(*args, **kwargs),
            ^^^^^^^^^^^^^^^^^^^^^^^^
  File "/workspaces/backcase_erp/frappe/frappe-bench/env/lib/python3.12/site-packages/redis/client.py", line 1536, in try_read
    if not conn.can_read(timeout=timeout):
           ^^^^^^^^^^^^^^^^^^^^^^^^^^^^^^
  File "/workspaces/backcase_erp/frappe/frappe-bench/env/lib/python3.12/site-packages/redis/connection.py", line 861, in can_read
    return self._parser.can_read(timeout)
           ^^^^^^^^^^^^^^^^^^^^^^^^^^^^^^
  File "/workspaces/backcase_erp/frappe/frappe-bench/env/lib/python3.12/site-packages/redis/connection.py", line 444, in can_read
    return self.read_from_socket(timeout=timeout, raise_on_timeout=False)
           ^^^^^^^^^^^^^^^^^^^^^^^^^^^^^^^^^^^^^^^^^^^^^^^^^^^^^^^^^^^^^^
  File "/workspaces/backcase_erp/frappe/frappe-bench/env/lib/python3.12/site-packages/redis/connection.py", line 455, in read_from_socket
    raise ConnectionError(SERVER_CLOSED_CONNECTION_ERROR)
redis.exceptions.ConnectionError: Connection closed by server.
Traceback (most recent call last):
  File "/workspaces/backcase_erp/frappe/frappe-bench/env/lib/python3.12/site-packages/redis/connection.py", line 699, in connect
    sock = self.retry.call_with_retry(
           ^^^^^^^^^^^^^^^^^^^^^^^^^^^
  File "/workspaces/backcase_erp/frappe/frappe-bench/env/lib/python3.12/site-packages/redis/retry.py", line 46, in call_with_retry
    return do()
           ^^^^
  File "/workspaces/backcase_erp/frappe/frappe-bench/env/lib/python3.12/site-packages/redis/connection.py", line 700, in <lambda>
    lambda: self._connect(), lambda error: self.disconnect(error)
            ^^^^^^^^^^^^^^^
  File "/workspaces/backcase_erp/frappe/frappe-bench/env/lib/python3.12/site-packages/redis/connection.py", line 1002, in _connect
    raise err
  File "/workspaces/backcase_erp/frappe/frappe-bench/env/lib/python3.12/site-packages/redis/connection.py", line 990, in _connect
    sock.connect(socket_address)
ConnectionRefusedError: [Errno 111] Connection refused

During handling of the above exception, another exception occurred:

Traceback (most recent call last):
  File "<frozen runpy>", line 198, in _run_module_as_main
  File "<frozen runpy>", line 88, in _run_code
  File "/workspaces/backcase_erp/frappe/frappe-bench/apps/frappe/frappe/utils/bench_helper.py", line 114, in <module>
    main()
  File "/workspaces/backcase_erp/frappe/frappe-bench/apps/frappe/frappe/utils/bench_helper.py", line 20, in main
    click.Group(commands=commands)(prog_name="bench")
  File "/workspaces/backcase_erp/frappe/frappe-bench/env/lib/python3.12/site-packages/click/core.py", line 1161, in __call__
    return self.main(*args, **kwargs)
           ^^^^^^^^^^^^^^^^^^^^^^^^^^
  File "/workspaces/backcase_erp/frappe/frappe-bench/env/lib/python3.12/site-packages/click/core.py", line 1082, in main
    rv = self.invoke(ctx)
         ^^^^^^^^^^^^^^^^
  File "/workspaces/backcase_erp/frappe/frappe-bench/env/lib/python3.12/site-packages/click/core.py", line 1697, in invoke
    return _process_result(sub_ctx.command.invoke(sub_ctx))
                           ^^^^^^^^^^^^^^^^^^^^^^^^^^^^^^^
  File "/workspaces/backcase_erp/frappe/frappe-bench/env/lib/python3.12/site-packages/click/core.py", line 1697, in invoke
    return _process_result(sub_ctx.command.invoke(sub_ctx))
                           ^^^^^^^^^^^^^^^^^^^^^^^^^^^^^^^
  File "/workspaces/backcase_erp/frappe/frappe-bench/env/lib/python3.12/site-packages/click/core.py", line 1443, in invoke
    return ctx.invoke(self.callback, **ctx.params)
           ^^^^^^^^^^^^^^^^^^^^^^^^^^^^^^^^^^^^^^^
  File "/workspaces/backcase_erp/frappe/frappe-bench/env/lib/python3.12/site-packages/click/core.py", line 788, in invoke
    return __callback(*args, **kwargs)
           ^^^^^^^^^^^^^^^^^^^^^^^^^^^
  File "/workspaces/backcase_erp/frappe/frappe-bench/apps/frappe/frappe/commands/scheduler.py", line 205, in start_worker
    start_worker(
  File "/workspaces/backcase_erp/frappe/frappe-bench/apps/frappe/frappe/utils/background_jobs.py", line 318, in start_worker
    worker.work(
  File "/workspaces/backcase_erp/frappe/frappe-bench/env/lib/python3.12/site-packages/rq/worker.py", line 456, in work
    self.teardown()
  File "/workspaces/backcase_erp/frappe/frappe-bench/env/lib/python3.12/site-packages/rq/worker.py", line 1047, in teardown
    self.unsubscribe()
  File "/workspaces/backcase_erp/frappe/frappe-bench/env/lib/python3.12/site-packages/rq/worker.py", line 624, in unsubscribe
    self.pubsub.unsubscribe()
  File "/workspaces/backcase_erp/frappe/frappe-bench/env/lib/python3.12/site-packages/redis/client.py", line 1659, in unsubscribe
    return self.execute_command("UNSUBSCRIBE", *args)
           ^^^^^^^^^^^^^^^^^^^^^^^^^^^^^^^^^^^^^^^^^^
  File "/workspaces/backcase_erp/frappe/frappe-bench/env/lib/python3.12/site-packages/redis/client.py", line 1479, in execute_command
    self._execute(connection, connection.send_command, *args, **kwargs)
  File "/workspaces/backcase_erp/frappe/frappe-bench/env/lib/python3.12/site-packages/redis/client.py", line 1518, in _execute
    return conn.retry.call_with_retry(
           ^^^^^^^^^^^^^^^^^^^^^^^^^^^
  File "/workspaces/backcase_erp/frappe/frappe-bench/env/lib/python3.12/site-packages/redis/retry.py", line 49, in call_with_retry
    fail(error)
  File "/workspaces/backcase_erp/frappe/frappe-bench/env/lib/python3.12/site-packages/redis/client.py", line 1520, in <lambda>
    lambda error: self._disconnect_raise_connect(conn, error),
                  ^^^^^^^^^^^^^^^^^^^^^^^^^^^^^^^^^^^^^^^^^^^
  File "/workspaces/backcase_erp/frappe/frappe-bench/env/lib/python3.12/site-packages/redis/client.py", line 1507, in _disconnect_raise_connect
    raise error
  File "/workspaces/backcase_erp/frappe/frappe-bench/env/lib/python3.12/site-packages/redis/retry.py", line 46, in call_with_retry
    return do()
           ^^^^
  File "/workspaces/backcase_erp/frappe/frappe-bench/env/lib/python3.12/site-packages/redis/client.py", line 1519, in <lambda>
    lambda: command(*args, **kwargs),
            ^^^^^^^^^^^^^^^^^^^^^^^^
  File "/workspaces/backcase_erp/frappe/frappe-bench/env/lib/python3.12/site-packages/redis/connection.py", line 847, in send_command
    self.send_packed_command(
  File "/workspaces/backcase_erp/frappe/frappe-bench/env/lib/python3.12/site-packages/redis/connection.py", line 817, in send_packed_command
    self.connect()
  File "/workspaces/backcase_erp/frappe/frappe-bench/env/lib/python3.12/site-packages/redis/connection.py", line 705, in connect
    raise ConnectionError(self._error_message(e))
redis.exceptions.ConnectionError: Error 111 connecting to 127.0.0.1:11000. Connection refused.
/workspaces/backcase_erp/frappe/frappe-bench/env/lib/python3.12/site-packages/rq/utils.py:128: DeprecationWarning: datetime.datetime.utcnow() is deprecated and scheduled for removal in a future version. Use timezone-aware objects to represent datetimes in UTC: datetime.datetime.now(datetime.UTC).
  return datetime.datetime.utcnow()
/workspaces/backcase_erp/frappe/frappe-bench/env/lib/python3.12/site-packages/rq/utils.py:128: DeprecationWarning: datetime.datetime.utcnow() is deprecated and scheduled for removal in a future version. Use timezone-aware objects to represent datetimes in UTC: datetime.datetime.now(datetime.UTC).
  return datetime.datetime.utcnow()
/workspaces/backcase_erp/frappe/frappe-bench/env/lib/python3.12/site-packages/rq/utils.py:227: DeprecationWarning: datetime.datetime.utcnow() is deprecated and scheduled for removal in a future version. Use timezone-aware objects to represent datetimes in UTC: datetime.datetime.now(datetime.UTC).
  return calendar.timegm(datetime.datetime.utcnow().utctimetuple())
/workspaces/backcase_erp/frappe/frappe-bench/env/lib/python3.12/site-packages/rq/utils.py:227: DeprecationWarning: datetime.datetime.utcnow() is deprecated and scheduled for removal in a future version. Use timezone-aware objects to represent datetimes in UTC: datetime.datetime.now(datetime.UTC).
  return calendar.timegm(datetime.datetime.utcnow().utctimetuple())
/workspaces/backcase_erp/frappe/frappe-bench/env/lib/python3.12/site-packages/rq/utils.py:227: DeprecationWarning: datetime.datetime.utcnow() is deprecated and scheduled for removal in a future version. Use timezone-aware objects to represent datetimes in UTC: datetime.datetime.now(datetime.UTC).
  return calendar.timegm(datetime.datetime.utcnow().utctimetuple())
/workspaces/backcase_erp/frappe/frappe-bench/env/lib/python3.12/site-packages/rq/utils.py:227: DeprecationWarning: datetime.datetime.utcnow() is deprecated and scheduled for removal in a future version. Use timezone-aware objects to represent datetimes in UTC: datetime.datetime.now(datetime.UTC).
  return calendar.timegm(datetime.datetime.utcnow().utctimetuple())
/workspaces/backcase_erp/frappe/frappe-bench/env/lib/python3.12/site-packages/rq/utils.py:227: DeprecationWarning: datetime.datetime.utcnow() is deprecated and scheduled for removal in a future version. Use timezone-aware objects to represent datetimes in UTC: datetime.datetime.now(datetime.UTC).
  return calendar.timegm(datetime.datetime.utcnow().utctimetuple())
/workspaces/backcase_erp/frappe/frappe-bench/env/lib/python3.12/site-packages/rq/utils.py:227: DeprecationWarning: datetime.datetime.utcnow() is deprecated and scheduled for removal in a future version. Use timezone-aware objects to represent datetimes in UTC: datetime.datetime.now(datetime.UTC).
  return calendar.timegm(datetime.datetime.utcnow().utctimetuple())
/workspaces/backcase_erp/frappe/frappe-bench/env/lib/python3.12/site-packages/rq/utils.py:227: DeprecationWarning: datetime.datetime.utcnow() is deprecated and scheduled for removal in a future version. Use timezone-aware objects to represent datetimes in UTC: datetime.datetime.now(datetime.UTC).
  return calendar.timegm(datetime.datetime.utcnow().utctimetuple())
/workspaces/backcase_erp/frappe/frappe-bench/env/lib/python3.12/site-packages/rq/utils.py:227: DeprecationWarning: datetime.datetime.utcnow() is deprecated and scheduled for removal in a future version. Use timezone-aware objects to represent datetimes in UTC: datetime.datetime.now(datetime.UTC).
  return calendar.timegm(datetime.datetime.utcnow().utctimetuple())
/workspaces/backcase_erp/frappe/frappe-bench/env/lib/python3.12/site-packages/rq/utils.py:227: DeprecationWarning: datetime.datetime.utcnow() is deprecated and scheduled for removal in a future version. Use timezone-aware objects to represent datetimes in UTC: datetime.datetime.now(datetime.UTC).
  return calendar.timegm(datetime.datetime.utcnow().utctimetuple())
/workspaces/backcase_erp/frappe/frappe-bench/env/lib/python3.12/site-packages/rq/utils.py:128: DeprecationWarning: datetime.datetime.utcnow() is deprecated and scheduled for removal in a future version. Use timezone-aware objects to represent datetimes in UTC: datetime.datetime.now(datetime.UTC).
  return datetime.datetime.utcnow()
/workspaces/backcase_erp/frappe/frappe-bench/env/lib/python3.12/site-packages/rq/utils.py:128: DeprecationWarning: datetime.datetime.utcnow() is deprecated and scheduled for removal in a future version. Use timezone-aware objects to represent datetimes in UTC: datetime.datetime.now(datetime.UTC).
  return datetime.datetime.utcnow()
/workspaces/backcase_erp/frappe/frappe-bench/env/lib/python3.12/site-packages/rq/utils.py:128: DeprecationWarning: datetime.datetime.utcnow() is deprecated and scheduled for removal in a future version. Use timezone-aware objects to represent datetimes in UTC: datetime.datetime.now(datetime.UTC).
  return datetime.datetime.utcnow()
/workspaces/backcase_erp/frappe/frappe-bench/env/lib/python3.12/site-packages/rq/utils.py:128: DeprecationWarning: datetime.datetime.utcnow() is deprecated and scheduled for removal in a future version. Use timezone-aware objects to represent datetimes in UTC: datetime.datetime.now(datetime.UTC).
  return datetime.datetime.utcnow()
/workspaces/backcase_erp/frappe/frappe-bench/env/lib/python3.12/site-packages/rq/utils.py:128: DeprecationWarning: datetime.datetime.utcnow() is deprecated and scheduled for removal in a future version. Use timezone-aware objects to represent datetimes in UTC: datetime.datetime.now(datetime.UTC).
  return datetime.datetime.utcnow()
/workspaces/backcase_erp/frappe/frappe-bench/env/lib/python3.12/site-packages/rq/utils.py:128: DeprecationWarning: datetime.datetime.utcnow() is deprecated and scheduled for removal in a future version. Use timezone-aware objects to represent datetimes in UTC: datetime.datetime.now(datetime.UTC).
  return datetime.datetime.utcnow()
Exception in thread Thread-1:
Traceback (most recent call last):
  File "/home/codespace/.python/current/lib/python3.12/threading.py", line 1073, in _bootstrap_inner
    self.run()
  File "/workspaces/backcase_erp/frappe/frappe-bench/env/lib/python3.12/site-packages/redis/client.py", line 1799, in run
    pubsub.get_message(ignore_subscribe_messages=True, timeout=sleep_time)
  File "/workspaces/backcase_erp/frappe/frappe-bench/env/lib/python3.12/site-packages/redis/client.py", line 1690, in get_message
    response = self.parse_response(block=(timeout is None), timeout=timeout)
               ^^^^^^^^^^^^^^^^^^^^^^^^^^^^^^^^^^^^^^^^^^^^^^^^^^^^^^^^^^^^^
  File "/workspaces/backcase_erp/frappe/frappe-bench/env/lib/python3.12/site-packages/redis/client.py", line 1542, in parse_response
    response = self._execute(conn, try_read)
               ^^^^^^^^^^^^^^^^^^^^^^^^^^^^^
  File "/workspaces/backcase_erp/frappe/frappe-bench/env/lib/python3.12/site-packages/redis/client.py", line 1518, in _execute
    return conn.retry.call_with_retry(
           ^^^^^^^^^^^^^^^^^^^^^^^^^^^
  File "/workspaces/backcase_erp/frappe/frappe-bench/env/lib/python3.12/site-packages/redis/retry.py", line 49, in call_with_retry
    fail(error)
  File "/workspaces/backcase_erp/frappe/frappe-bench/env/lib/python3.12/site-packages/redis/client.py", line 1520, in <lambda>
    lambda error: self._disconnect_raise_connect(conn, error),
                  ^^^^^^^^^^^^^^^^^^^^^^^^^^^^^^^^^^^^^^^^^^^
  File "/workspaces/backcase_erp/frappe/frappe-bench/env/lib/python3.12/site-packages/redis/client.py", line 1507, in _disconnect_raise_connect
    raise error
  File "/workspaces/backcase_erp/frappe/frappe-bench/env/lib/python3.12/site-packages/redis/retry.py", line 46, in call_with_retry
    return do()
           ^^^^
  File "/workspaces/backcase_erp/frappe/frappe-bench/env/lib/python3.12/site-packages/redis/client.py", line 1519, in <lambda>
    lambda: command(*args, **kwargs),
            ^^^^^^^^^^^^^^^^^^^^^^^^
  File "/workspaces/backcase_erp/frappe/frappe-bench/env/lib/python3.12/site-packages/redis/client.py", line 1536, in try_read
    if not conn.can_read(timeout=timeout):
           ^^^^^^^^^^^^^^^^^^^^^^^^^^^^^^
  File "/workspaces/backcase_erp/frappe/frappe-bench/env/lib/python3.12/site-packages/redis/connection.py", line 861, in can_read
    return self._parser.can_read(timeout)
           ^^^^^^^^^^^^^^^^^^^^^^^^^^^^^^
  File "/workspaces/backcase_erp/frappe/frappe-bench/env/lib/python3.12/site-packages/redis/connection.py", line 444, in can_read
    return self.read_from_socket(timeout=timeout, raise_on_timeout=False)
           ^^^^^^^^^^^^^^^^^^^^^^^^^^^^^^^^^^^^^^^^^^^^^^^^^^^^^^^^^^^^^^
  File "/workspaces/backcase_erp/frappe/frappe-bench/env/lib/python3.12/site-packages/redis/connection.py", line 455, in read_from_socket
    raise ConnectionError(SERVER_CLOSED_CONNECTION_ERROR)
redis.exceptions.ConnectionError: Connection closed by server.
Traceback (most recent call last):
  File "/workspaces/backcase_erp/frappe/frappe-bench/env/lib/python3.12/site-packages/redis/connection.py", line 699, in connect
    sock = self.retry.call_with_retry(
           ^^^^^^^^^^^^^^^^^^^^^^^^^^^
  File "/workspaces/backcase_erp/frappe/frappe-bench/env/lib/python3.12/site-packages/redis/retry.py", line 46, in call_with_retry
    return do()
           ^^^^
  File "/workspaces/backcase_erp/frappe/frappe-bench/env/lib/python3.12/site-packages/redis/connection.py", line 700, in <lambda>
    lambda: self._connect(), lambda error: self.disconnect(error)
            ^^^^^^^^^^^^^^^
  File "/workspaces/backcase_erp/frappe/frappe-bench/env/lib/python3.12/site-packages/redis/connection.py", line 1002, in _connect
    raise err
  File "/workspaces/backcase_erp/frappe/frappe-bench/env/lib/python3.12/site-packages/redis/connection.py", line 990, in _connect
    sock.connect(socket_address)
ConnectionRefusedError: [Errno 111] Connection refused

During handling of the above exception, another exception occurred:

Traceback (most recent call last):
  File "<frozen runpy>", line 198, in _run_module_as_main
  File "<frozen runpy>", line 88, in _run_code
  File "/workspaces/backcase_erp/frappe/frappe-bench/apps/frappe/frappe/utils/bench_helper.py", line 114, in <module>
    main()
  File "/workspaces/backcase_erp/frappe/frappe-bench/apps/frappe/frappe/utils/bench_helper.py", line 20, in main
    click.Group(commands=commands)(prog_name="bench")
  File "/workspaces/backcase_erp/frappe/frappe-bench/env/lib/python3.12/site-packages/click/core.py", line 1161, in __call__
    return self.main(*args, **kwargs)
           ^^^^^^^^^^^^^^^^^^^^^^^^^^
  File "/workspaces/backcase_erp/frappe/frappe-bench/env/lib/python3.12/site-packages/click/core.py", line 1082, in main
    rv = self.invoke(ctx)
         ^^^^^^^^^^^^^^^^
  File "/workspaces/backcase_erp/frappe/frappe-bench/env/lib/python3.12/site-packages/click/core.py", line 1697, in invoke
    return _process_result(sub_ctx.command.invoke(sub_ctx))
                           ^^^^^^^^^^^^^^^^^^^^^^^^^^^^^^^
  File "/workspaces/backcase_erp/frappe/frappe-bench/env/lib/python3.12/site-packages/click/core.py", line 1697, in invoke
    return _process_result(sub_ctx.command.invoke(sub_ctx))
                           ^^^^^^^^^^^^^^^^^^^^^^^^^^^^^^^
  File "/workspaces/backcase_erp/frappe/frappe-bench/env/lib/python3.12/site-packages/click/core.py", line 1443, in invoke
    return ctx.invoke(self.callback, **ctx.params)
           ^^^^^^^^^^^^^^^^^^^^^^^^^^^^^^^^^^^^^^^
  File "/workspaces/backcase_erp/frappe/frappe-bench/env/lib/python3.12/site-packages/click/core.py", line 788, in invoke
    return __callback(*args, **kwargs)
           ^^^^^^^^^^^^^^^^^^^^^^^^^^^
  File "/workspaces/backcase_erp/frappe/frappe-bench/apps/frappe/frappe/commands/scheduler.py", line 205, in start_worker
    start_worker(
  File "/workspaces/backcase_erp/frappe/frappe-bench/apps/frappe/frappe/utils/background_jobs.py", line 318, in start_worker
    worker.work(
  File "/workspaces/backcase_erp/frappe/frappe-bench/env/lib/python3.12/site-packages/rq/worker.py", line 456, in work
    self.teardown()
  File "/workspaces/backcase_erp/frappe/frappe-bench/env/lib/python3.12/site-packages/rq/worker.py", line 1047, in teardown
    self.unsubscribe()
  File "/workspaces/backcase_erp/frappe/frappe-bench/env/lib/python3.12/site-packages/rq/worker.py", line 624, in unsubscribe
    self.pubsub.unsubscribe()
  File "/workspaces/backcase_erp/frappe/frappe-bench/env/lib/python3.12/site-packages/redis/client.py", line 1659, in unsubscribe
    return self.execute_command("UNSUBSCRIBE", *args)
           ^^^^^^^^^^^^^^^^^^^^^^^^^^^^^^^^^^^^^^^^^^
  File "/workspaces/backcase_erp/frappe/frappe-bench/env/lib/python3.12/site-packages/redis/client.py", line 1479, in execute_command
    self._execute(connection, connection.send_command, *args, **kwargs)
  File "/workspaces/backcase_erp/frappe/frappe-bench/env/lib/python3.12/site-packages/redis/client.py", line 1518, in _execute
    return conn.retry.call_with_retry(
           ^^^^^^^^^^^^^^^^^^^^^^^^^^^
  File "/workspaces/backcase_erp/frappe/frappe-bench/env/lib/python3.12/site-packages/redis/retry.py", line 49, in call_with_retry
    fail(error)
  File "/workspaces/backcase_erp/frappe/frappe-bench/env/lib/python3.12/site-packages/redis/client.py", line 1520, in <lambda>
    lambda error: self._disconnect_raise_connect(conn, error),
                  ^^^^^^^^^^^^^^^^^^^^^^^^^^^^^^^^^^^^^^^^^^^
  File "/workspaces/backcase_erp/frappe/frappe-bench/env/lib/python3.12/site-packages/redis/client.py", line 1507, in _disconnect_raise_connect
    raise error
  File "/workspaces/backcase_erp/frappe/frappe-bench/env/lib/python3.12/site-packages/redis/retry.py", line 46, in call_with_retry
    return do()
           ^^^^
  File "/workspaces/backcase_erp/frappe/frappe-bench/env/lib/python3.12/site-packages/redis/client.py", line 1519, in <lambda>
    lambda: command(*args, **kwargs),
            ^^^^^^^^^^^^^^^^^^^^^^^^
  File "/workspaces/backcase_erp/frappe/frappe-bench/env/lib/python3.12/site-packages/redis/connection.py", line 847, in send_command
    self.send_packed_command(
  File "/workspaces/backcase_erp/frappe/frappe-bench/env/lib/python3.12/site-packages/redis/connection.py", line 817, in send_packed_command
    self.connect()
  File "/workspaces/backcase_erp/frappe/frappe-bench/env/lib/python3.12/site-packages/redis/connection.py", line 705, in connect
    raise ConnectionError(self._error_message(e))
redis.exceptions.ConnectionError: Error 111 connecting to 127.0.0.1:11000. Connection refused.
